/var/www/fantasy-telegram/auto-commit.sh: line 5: syntax error in conditional expression
/var/www/fantasy-telegram/auto-commit.sh: line 5: syntax error near `apps/fantasy-telegram'
/var/www/fantasy-telegram/auto-commit.sh: line 5: `if [[ -n \ M apps/fantasy-telegram ]]; then'
[main a1490a1] auto: 2026-02-14 18:40
 Committer: root <root@brand.online.fvds.ru>
Your name and email address were configured automatically based
on your username and hostname. Please check that they are accurate.
You can suppress this message by setting them explicitly. Run the
following command and follow the instructions in your editor to edit
your configuration file:

    git config --global --edit

After doing this, you may fix the identity used for this commit with:

    git commit --amend --reset-author

 4 files changed, 1035 insertions(+), 1 deletion(-)
 create mode 100644 auto-commit.log
 create mode 100755 auto-commit.sh
To github.com:Mikael-village/fantasy-telegram.git
   2c17004..a1490a1  main -> main
[main 11b85d7] auto: 2026-02-14 18:45
 Committer: root <root@brand.online.fvds.ru>
Your name and email address were configured automatically based
on your username and hostname. Please check that they are accurate.
You can suppress this message by setting them explicitly. Run the
following command and follow the instructions in your editor to edit
your configuration file:

    git config --global --edit

After doing this, you may fix the identity used for this commit with:

    git commit --amend --reset-author

 8 files changed, 652 insertions(+), 12 deletions(-)
 create mode 100644 version.json
To github.com:Mikael-village/fantasy-telegram.git
   a1490a1..11b85d7  main -> main
[main 286b632] auto: 2026-02-14 18:50
 Committer: root <root@brand.online.fvds.ru>
Your name and email address were configured automatically based
on your username and hostname. Please check that they are accurate.
You can suppress this message by setting them explicitly. Run the
following command and follow the instructions in your editor to edit
your configuration file:

    git config --global --edit

After doing this, you may fix the identity used for this commit with:

    git commit --amend --reset-author

 3 files changed, 576 insertions(+), 4 deletions(-)
To github.com:Mikael-village/fantasy-telegram.git
   11b85d7..286b632  main -> main
